This is pdfTeX, Version 3.141592653-2.6-1.40.25 (MiKTeX 24.1) (preloaded format=pdflatex 2024.9.20)  20 SEP 2024 20:38
entering extended mode
 restricted \write18 enabled.
 %&-line parsing enabled.
**./t2.tex
(t2.tex
LaTeX2e <2024-06-01> patch level 2
L3 programming layer <2024-08-30>
)
! Emergency stop.
<*> ./t2.tex
            
*** (job aborted, no legal \end found)

 
Here is how much of TeX's memory you used:
 16 strings out of 473899
 330 string characters out of 5742924
 386318 words of memory out of 5000000
 22989 multiletter control sequences out of 15000+600000
 558069 words of font info for 36 fonts, out of 8000000 for 9000
 1141 hyphenation exceptions out of 8191
 12i,0n,13p,40b,8s stack positions out of 10000i,1000n,20000p,200000b,200000s
!  ==> Fatal error occurred, no output PDF file produced!
